<?xml version="1.0" encoding="UTF-8"?>
<testng-results skipped="0" failed="0" ignored="0" total="1" passed="1">
  <reporter-output>
  </reporter-output>
  <suite name="Testng Cucumber Suite" duration-ms="213898" started-at="2021-02-02T21:47:20Z" finished-at="2021-02-02T21:50:54Z">
    <groups>
      <group name="cucumber">
        <method signature="AbstractTestNGCucumberTests.feature(cucumber.api.testng.CucumberFeatureWrapper)[pri:0, instance:runners.CucumberRunner@4d41cee]" name="feature" class="cucumber.api.testng.AbstractTestNGCucumberTests"/>
      </group> <!-- cucumber -->
    </groups>
    <test name="Run All Tests" duration-ms="213898" started-at="2021-02-02T21:47:20Z" finished-at="2021-02-02T21:50:54Z">
      <class name="runners.CucumberRunner">
        <test-method status="PASS" signature="setUp()[pri:0, instance:runners.CucumberRunner@4d41cee]" name="setUp" is-config="true" duration-ms="7479" started-at="2021-02-02T21:47:12Z" finished-at="2021-02-02T21:47:20Z">
          <reporter-output>
          </reporter-output>
        </test-method> <!-- setUp -->
        <test-method status="PASS" signature="setUpClass()[pri:0, instance:runners.CucumberRunner@4d41cee]" name="setUpClass" is-config="true" duration-ms="351" started-at="2021-02-02T21:47:20Z" finished-at="2021-02-02T21:47:20Z">
          <reporter-output>
          </reporter-output>
        </test-method> <!-- setUpClass -->
        <test-method status="PASS" signature="generateHTMLReports()[pri:0, instance:runners.CucumberRunner@4d41cee]" name="generateHTMLReports" is-config="true" duration-ms="157" started-at="2021-02-02T21:47:20Z" finished-at="2021-02-02T21:47:20Z">
          <reporter-output>
          </reporter-output>
        </test-method> <!-- generateHTMLReports -->
        <test-method status="PASS" signature="feature(cucumber.api.testng.CucumberFeatureWrapper)[pri:0, instance:runners.CucumberRunner@4d41cee]" name="feature" duration-ms="213077" started-at="2021-02-02T21:47:21Z" description="Runs Cucumber Feature" data-provider="features" finished-at="2021-02-02T21:50:54Z">
          <params>
            <param index="0">
              <value>
                <![CDATA[Deposit can be create and authorize]]>
              </value>
            </param>
          </params>
          <reporter-output>
          </reporter-output>
        </test-method> <!-- feature -->
        <test-method status="PASS" signature="tearDownClass()[pri:0, instance:runners.CucumberRunner@4d41cee]" name="tearDownClass" is-config="true" duration-ms="103" started-at="2021-02-02T21:50:54Z" finished-at="2021-02-02T21:50:54Z">
          <reporter-output>
          </reporter-output>
        </test-method> <!-- tearDownClass -->
        <test-method status="PASS" signature="quit()[pri:0, instance:runners.CucumberRunner@4d41cee]" name="quit" is-config="true" duration-ms="0" started-at="2021-02-02T21:50:54Z" finished-at="2021-02-02T21:50:54Z">
          <reporter-output>
          </reporter-output>
        </test-method> <!-- quit -->
      </class> <!-- runners.CucumberRunner -->
    </test> <!-- Run All Tests -->
  </suite> <!-- Testng Cucumber Suite -->
</testng-results>
